Arguments: 
  D:\software\nodejs\node.exe C:\Users\luojian\AppData\Roaming\npm\node_modules\yarn\bin\yarn.js add chalk

PATH: 
  D:\software\Git\mingw64\bin;D:\software\Git\usr\bin;C:\Users\luojian\bin;C:\Program Files (x86)\NetSarang\Xshell 6;C:\Windows\system32;C:\Windows;C:\Windows\System32\Wbem;C:\Windows\System32\WindowsPowerShell\v1.0;C:\Windows\System32\OpenSSH;C:\Program Files (x86)\NVIDIA Corporation\PhysX\Common;C:\Program Files\NVIDIA Corporation\NVIDIA NvDLISR;C:\Program Files\Intel\WiFi\bin;C:\Program Files\Common Files\Intel\WirelessCommon;D:\software\nodejs;D:\software\Git\cmd;D:\software\mactype;%adb%;C:\WINDOWS\system32;C:\WINDOWS;C:\WINDOWS\System32\Wbem;C:\WINDOWS\System32\WindowsPowerShell\v1.0;C:\WINDOWS\System32\OpenSSH;D:\software\OpenVPN\bin;C:\Users\luojian\AppData\Local\Microsoft\WindowsApps;C:\Users\luojian\AppData\Local\Programs\Microsoft VS Code\bin;C:\Users\luojian\AppData\Roaming\npm;C:\Users\luojian\AppData\Local\BypassRuntm

Yarn version: 
  1.21.0

Node version: 
  10.16.0

Platform: 
  win32 x64

Trace: 
  Error: http://rnpm.hz.netease.com/chalk: Request "http://rnpm.hz.netease.com/chalk" returned a 403
      at Request.params.callback [as _callback] (C:\Users\luojian\AppData\Roaming\npm\node_modules\yarn\lib\cli.js:66947:18)
      at Request.self.callback (C:\Users\luojian\AppData\Roaming\npm\node_modules\yarn\lib\cli.js:140622:22)
      at Request.emit (events.js:198:13)
      at Request.<anonymous> (C:\Users\luojian\AppData\Roaming\npm\node_modules\yarn\lib\cli.js:141594:10)
      at Request.emit (events.js:198:13)
      at Gunzip.<anonymous> (C:\Users\luojian\AppData\Roaming\npm\node_modules\yarn\lib\cli.js:141516:12)
      at Object.onceWrapper (events.js:286:20)
      at Gunzip.emit (events.js:203:15)
      at endReadableNT (_stream_readable.js:1129:12)
      at process._tickCallback (internal/process/next_tick.js:63:19)

npm manifest: 
  {
    "name": "mammut-cli",
    "version": "1.0.0",
    "description": "\"A simple CLI for scaffolding Mammut frontend projects \"",
    "bin": {
      "mm": "bin/mm.js",
      "mm-init": "bin/mm-init.js",
      "mm-list": "bin/mm-list.js"
    },
    "author": "luojian1",
    "license": "MIT",
    "devDependencies": {
      "commander": "^5.0.0"
    }
  }

yarn manifest: 
  No manifest

Lockfile: 
  # THIS IS AN AUTOGENERATED FILE. DO NOT EDIT THIS FILE DIRECTLY.
  # yarn lockfile v1
  
  
  commander@^5.0.0:
    version "5.0.0"
    resolved "http://rnpm.hz.netease.com/commander/download/commander-5.0.0.tgz#dbf1909b49e5044f8fdaf0adc809f0c0722bdfd0"
    integrity sha1-2/GQm0nlBE+P2vCtyAnwwHIr39A=
